2025-03-15 10:57:57,130 - INFO - Pipeline эхэлж байна...
2025-03-15 10:57:57,130 - INFO - Өгөгдөл ачаалж байна...
2025-03-15 10:57:57,143 - INFO - Өгөгдөл амжилттай ачаалагдлаа.
2025-03-15 10:57:57,143 - INFO - Өгөгдөл ачааллаа.
2025-03-15 10:57:57,162 - INFO - Категори өгөгдлийг хувиргалаа.
2025-03-15 10:57:57,164 - INFO - Өгөгдөл хуваах амжилттай.
2025-03-15 10:57:57,614 - INFO - Pipeline амжилттай дууслаа.
2025-03-15 11:12:40,446 - INFO - Pipeline эхэлж байна...
2025-03-15 11:12:40,446 - INFO - Өгөгдөл ачаалж байна...
2025-03-15 11:12:40,460 - INFO - Өгөгдөл амжилттай ачаалагдлаа.
2025-03-15 11:12:40,460 - INFO - Өгөгдөл ачааллаа.
2025-03-15 11:12:40,488 - INFO - ✅ Категори өгөгдлийг хувиргалаа.
2025-03-15 11:12:40,490 - INFO - ✅ Өгөгдөл хуваах амжилттай.
2025-03-15 11:12:40,934 - INFO - ✅ Тайлан амжилттай үүсгэгдлээ.
2025-03-15 11:12:40,934 - INFO - ✅ Pipeline амжилттай дууслаа.
2025-03-15 11:27:41,620 - INFO - Pipeline эхэлж байна...
2025-03-15 11:27:41,620 - INFO - Өгөгдөл ачаалж байна...
2025-03-15 11:27:41,634 - INFO - Өгөгдөл амжилттай ачаалагдлаа.
2025-03-15 11:27:41,634 - INFO - Өгөгдөл ачааллаа.
2025-03-15 11:27:41,655 - INFO - ✅ Категори өгөгдлийг хувиргалаа.
2025-03-15 11:27:41,657 - INFO - ✅ Өгөгдөл хуваах амжилттай.
2025-03-15 11:27:42,084 - INFO - ✅ Тайлан амжилттай үүсгэгдлээ.
2025-03-15 11:27:42,084 - INFO - ✅ Pipeline амжилттай дууслаа.
